2022-11-28 22:05:33,210 NanoQC started.
2022-11-28 22:05:33,674 Extracting nucleotides and quality scores.
2022-11-28 22:05:34,022 Calculate qc stats
2022-11-28 22:05:34,022 Using 371 reads with a minimum length of 200bp for plotting
2022-11-28 22:05:34,022 Creating plots...
2022-11-28 22:05:34,089 Per base sequence content and quality completed.
2022-11-28 22:05:58,580 NanoQC started.
2022-11-28 22:05:58,962 Extracting nucleotides and quality scores.
2022-11-28 22:05:59,306 Calculate qc stats
2022-11-28 22:05:59,306 Using 371 reads with a minimum length of 200bp for plotting
2022-11-28 22:05:59,306 Creating plots...
2022-11-28 22:05:59,373 Per base sequence content and quality completed.
2022-11-28 22:06:19,631 NanoQC started.
2022-11-28 22:06:20,034 Extracting nucleotides and quality scores.
2022-11-28 22:06:20,378 Calculate qc stats
2022-11-28 22:06:20,379 Using 371 reads with a minimum length of 200bp for plotting
2022-11-28 22:06:20,379 Creating plots...
2022-11-28 22:06:20,446 Per base sequence content and quality completed.
2022-11-28 22:08:22,559 NanoQC started.
2022-11-28 22:08:23,004 Extracting nucleotides and quality scores.
2022-11-28 22:08:23,350 Calculate qc stats
2022-11-28 22:08:23,350 Using 371 reads with a minimum length of 200bp for plotting
2022-11-28 22:08:23,350 Creating plots...
2022-11-28 22:08:23,418 Per base sequence content and quality completed.
2022-11-28 22:08:49,711 NanoQC started.
2022-11-28 22:08:50,096 Extracting nucleotides and quality scores.
2022-11-28 22:08:50,456 Calculate qc stats
2022-11-28 22:08:50,456 Using 371 reads with a minimum length of 200bp for plotting
2022-11-28 22:08:50,456 Creating plots...
2022-11-28 22:08:50,531 Per base sequence content and quality completed.
2022-11-28 22:09:26,921 NanoQC started.
2022-11-28 22:09:27,370 Extracting nucleotides and quality scores.
2022-11-28 22:09:27,728 Calculate qc stats
2022-11-28 22:09:27,728 Using 371 reads with a minimum length of 200bp for plotting
2022-11-28 22:09:27,728 Creating plots...
2022-11-28 22:09:27,797 Per base sequence content and quality completed.
2022-11-28 22:09:58,662 NanoQC started.
2022-11-28 22:09:59,049 Extracting nucleotides and quality scores.
2022-11-28 22:09:59,399 Calculate qc stats
2022-11-28 22:09:59,400 Using 371 reads with a minimum length of 200bp for plotting
2022-11-28 22:09:59,400 Creating plots...
2022-11-28 22:09:59,467 Per base sequence content and quality completed.
2022-11-28 22:11:25,024 NanoQC started.
2022-11-28 22:11:25,479 Extracting nucleotides and quality scores.
2022-11-28 22:11:25,826 Calculate qc stats
2022-11-28 22:11:25,826 Using 371 reads with a minimum length of 200bp for plotting
2022-11-28 22:11:25,826 Creating plots...
2022-11-28 22:11:25,894 Per base sequence content and quality completed.
2022-11-28 22:11:34,980 NanoQC started.
2022-11-28 22:11:35,362 Extracting nucleotides and quality scores.
2022-11-28 22:11:35,706 Calculate qc stats
2022-11-28 22:11:35,706 Using 371 reads with a minimum length of 200bp for plotting
2022-11-28 22:11:35,706 Creating plots...
2022-11-28 22:11:35,775 Per base sequence content and quality completed.
2022-11-28 22:13:11,721 NanoQC started.
2022-11-28 22:13:12,170 Extracting nucleotides and quality scores.
2022-11-28 22:13:12,515 Calculate qc stats
2022-11-28 22:13:12,515 Using 371 reads with a minimum length of 200bp for plotting
2022-11-28 22:13:12,515 Creating plots...
2022-11-28 22:13:12,582 Per base sequence content and quality completed.
2022-11-28 22:13:12,582 Finished!
2022-11-28 22:14:20,462 NanoQC started.
2022-11-28 22:14:20,882 Extracting nucleotides and quality scores.
2022-11-28 22:14:21,227 Calculate qc stats
2022-11-28 22:14:21,227 Using 371 reads with a minimum length of 200bp for plotting
2022-11-28 22:14:21,228 Creating plots...
2022-11-28 22:14:21,298 Per base sequence content and quality completed.
2022-11-28 22:15:27,718 NanoQC started.
2022-11-28 22:15:28,128 Extracting nucleotides and quality scores.
2022-11-28 22:15:28,473 Calculate qc stats
2022-11-28 22:15:28,473 Using 371 reads with a minimum length of 200bp for plotting
2022-11-28 22:15:28,473 Creating plots...
2022-11-28 22:15:28,540 Per base sequence content and quality completed.
2022-11-28 22:17:18,900 NanoQC started.
2022-11-28 22:17:19,359 Extracting nucleotides and quality scores.
2022-11-28 22:17:19,702 Calculate qc stats
2022-11-28 22:17:19,702 Using 371 reads with a minimum length of 200bp for plotting
2022-11-28 22:17:19,702 Creating plots...
2022-11-28 22:17:19,770 Per base sequence content and quality completed.
2022-11-28 22:17:33,869 NanoQC started.
2022-11-28 22:17:34,319 Extracting nucleotides and quality scores.
2022-11-28 22:17:34,674 Calculate qc stats
2022-11-28 22:17:34,674 Using 371 reads with a minimum length of 200bp for plotting
2022-11-28 22:17:34,674 Creating plots...
2022-11-28 22:17:34,743 Per base sequence content and quality completed.
